Building DAG of jobs...
Using shell: /usr/bin/bash
Provided cluster nodes: 100
Provided resources: cluster_threads=200, mem_mb=1000000
Job stats:
job            count    min threads    max threads
-----------  -------  -------------  -------------
all                1              1              1
demux_files        1              1              1
total              2              1              1

Select jobs to execute...

[Wed Mar 20 17:04:23 2024]
rule demux_files:
    input: /nfs/jbailey5/baileyweb/gtollefs/mips_to_nanopore_gt/240215_MtoN_P2/output/dorado_output/basecalls.fastq, /nfs/jbailey5/baileyweb/bailey_share/bin/elucidator_23-07-19.sif, /nfs/jbailey5/baileyweb/asimkin/mips_to_nanopore/toy_dataset
    output: /nfs/jbailey5/baileyweb/gtollefs/mips_to_nanopore_gt/240215_MtoN_P2/output/dorado_output/demuxed_fastq
    jobid: 1
    reason: Missing output files: /nfs/jbailey5/baileyweb/gtollefs/mips_to_nanopore_gt/240215_MtoN_P2/output/dorado_output/demuxed_fastq
    resources: mem_mb=32000, mem_mib=30518, disk_mb=35275, disk_mib=33641, tmpdir=<TBD>, cluster_threads=1, time_min=2879, partition=batch, extra_flags=

Submitted job 1 with external jobid 'Submitted batch job 1137319'.
[Wed Mar 20 17:04:33 2024]
Error in rule demux_files:
    jobid: 1
    input: /nfs/jbailey5/baileyweb/gtollefs/mips_to_nanopore_gt/240215_MtoN_P2/output/dorado_output/basecalls.fastq, /nfs/jbailey5/baileyweb/bailey_share/bin/elucidator_23-07-19.sif, /nfs/jbailey5/baileyweb/asimkin/mips_to_nanopore/toy_dataset
    output: /nfs/jbailey5/baileyweb/gtollefs/mips_to_nanopore_gt/240215_MtoN_P2/output/dorado_output/demuxed_fastq
    shell:
        
		singularity exec 		-B /nfs/jbailey5/baileyweb/asimkin/mips_to_nanopore/toy_dataset:/opt/resources 		-B /nfs/jbailey5/baileyweb/gtollefs/mips_to_nanopore_gt/240215_MtoN_P2/output/dorado_output:/opt/demuxing /nfs/jbailey5/baileyweb/bailey_share/bin/elucidator_23-07-19.sif 		elucidator extractByIlluminaAaptors --fast /opt/demuxing/catted_pass.fastq.gz 		--overWriteDir --dout /opt/demuxing/demuxed_fastq 		--illuminaBarcodeSampleSheet /opt/resources/mips_to_nanopore_primer_seqs.tsv
		
        (one of the commands exited with non-zero exit code; note that snakemake uses bash strict mode!)
    cluster_jobid: Submitted batch job 1137319

Error executing rule demux_files on cluster (jobid: 1, external: Submitted batch job 1137319, jobscript: /nfs/jbailey5/baileyweb/gtollefs/mips_to_nanopore_gt/nano_mamp_pipes/prepare_nanopore_reads/.snakemake/tmp.2asqn_6w/snakejob.demux_files.1.sh). For error details see the cluster log and the log files of the involved rule(s).
Exiting because a job execution failed. Look above for error message
Complete log: .snakemake/log/2024-03-20T170421.396421.snakemake.log
