## SLURM PROLOG ###############################################################
##    Job ID : 1071079
##  Job Name : snakejob.run_clair3_raw.394.sh
##  Nodelist : node1326
##      CPUs : 1
##  Mem/Node : 4000 MB
## Directory : /nfs/jbailey5/baileyweb/gtollefs/mips_to_nanopore_gt/nano_mamp_pipes/analysis
##   Job Started : Wed Mar 13 11:32:58 AM EDT 2024
###############################################################################
Processing sample: RW015015-043043-ArtR22RW-1
[INFO] CLAIR3 VERSION: v1.0.5
[INFO] BAM FILE PATH: /nfs/jbailey5/baileyweb/gtollefs/mips_to_nanopore_gt/240215_MtoN_P2/output_rerun_for_completeness_check/mapping/bam_files/RW015015-043043-ArtR22RW-1.sorted.bam
[INFO] REFERENCE FILE PATH: /nfs/jbailey5/baileyweb/bailey_share/resources/MIP_species_resources/pf/Pf_3D7/genomes/genome.fa
[INFO] MODEL PATH: /opt/models/r941_prom_sup_g5014
[INFO] OUTPUT FOLDER: /nfs/jbailey5/baileyweb/gtollefs/mips_to_nanopore_gt/240215_MtoN_P2/output_rerun_for_completeness_check/variant_calling/RW015015-043043-ArtR22RW-1_raw
[INFO] PLATFORM: ont
[INFO] THREADS: 1
[INFO] BED FILE PATH: EMPTY
[INFO] VCF FILE PATH: EMPTY
[INFO] CONTIGS: EMPTY
[INFO] CONDA PREFIX: /users/gtollefs/mambaforge/envs/snakemake
[INFO] SAMTOOLS PATH: samtools
[INFO] PYTHON PATH: python3
[INFO] PYPY PATH: pypy3
[INFO] PARALLEL PATH: parallel
[INFO] WHATSHAP PATH: whatshap
[INFO] LONGPHASE PATH: EMPTY
[INFO] CHUNK SIZE: 5000000
[INFO] FULL ALIGN PROPORTION: 0.7
[INFO] FULL ALIGN REFERENCE PROPORTION: 0.1
[INFO] PHASING PROPORTION: 0.8
[INFO] MINIMUM MQ: 5
[INFO] MINIMUM COVERAGE: 2
[INFO] SNP AF THRESHOLD: 0.001
[INFO] INDEL AF THRESHOLD: 0.001
[INFO] BASE ERROR IN GVCF: 0.001
[INFO] GQ BIN SIZE IN GVCF: 5
[INFO] ENABLE FILEUP ONLY CALLING: False
[INFO] ENABLE FAST MODE CALLING: False
[INFO] ENABLE CALLING SNP CANDIDATES ONLY: False
[INFO] ENABLE PRINTING REFERENCE CALLS: True
[INFO] ENABLE OUTPUT GVCF: True
[INFO] ENABLE HAPLOID PRECISE MODE: False
[INFO] ENABLE HAPLOID SENSITIVE MODE: False
[INFO] ENABLE INCLUDE ALL CTGS CALLING: True
[INFO] ENABLE NO PHASING FOR FULL ALIGNMENT: True
[INFO] ENABLE REMOVING INTERMEDIATE FILES: False
[INFO] ENABLE LONGPHASE FOR INTERMEDIATE VCF PHASING: False
[INFO] ENABLE PHASING FINAL VCF OUTPUT USING WHATSHAP: False
[INFO] ENABLE PHASING FINAL VCF OUTPUT USING LONGPHASE: False
[INFO] ENABLE HAPLOTAGGING FINAL BAM: False
[INFO] ENABLE LONG INDEL CALLING: False
[INFO] ENABLE C_IMPLEMENT: True

+ /opt/bin/scripts/clair3_c_impl.sh --bam_fn /nfs/jbailey5/baileyweb/gtollefs/mips_to_nanopore_gt/240215_MtoN_P2/output_rerun_for_completeness_check/mapping/bam_files/RW015015-043043-ArtR22RW-1.sorted.bam --ref_fn /nfs/jbailey5/baileyweb/bailey_share/resources/MIP_species_resources/pf/Pf_3D7/genomes/genome.fa --threads 1 --model_path /opt/models/r941_prom_sup_g5014 --platform ont --output /nfs/jbailey5/baileyweb/gtollefs/mips_to_nanopore_gt/240215_MtoN_P2/output_rerun_for_completeness_check/variant_calling/RW015015-043043-ArtR22RW-1_raw --bed_fn=EMPTY --vcf_fn=EMPTY --ctg_name=EMPTY --sample_name=RW015015-043043-ArtR22RW-1 --chunk_num=0 --chunk_size=5000000 --samtools=samtools --python=python3 --pypy=pypy3 --parallel=parallel --whatshap=whatshap --qual=2 --var_pct_full=0.7 --ref_pct_full=0.1 --var_pct_phasing=0.8 --snp_min_af=0.001 --indel_min_af=0.001 --min_mq=5 --min_coverage=2 --min_contig_size=0 --pileup_only=False --gvcf=True --base_err=0.001 --gq_bin_size=5 --fast_mode=False --call_snp_only=False --print_ref_calls=True --haploid_precise=False --haploid_sensitive=False --include_all_ctgs=True --no_phasing_for_fa=True --pileup_model_prefix=pileup --fa_model_prefix=full_alignment --remove_intermediate_dir=False --enable_phasing=False --enable_long_indel=False --keep_iupac_bases=False --use_gpu=False --longphase_for_phasing=False --longphase=EMPTY --use_whatshap_for_intermediate_phasing=True --use_longphase_for_intermediate_phasing=False --use_whatshap_for_final_output_phasing=False --use_longphase_for_final_output_phasing=False --use_whatshap_for_final_output_haplotagging=False

[INFO] Check environment variables
[INFO] Create folder /nfs/jbailey5/baileyweb/gtollefs/mips_to_nanopore_gt/240215_MtoN_P2/output_rerun_for_completeness_check/variant_calling/RW015015-043043-ArtR22RW-1_raw/log
[INFO] Create folder /nfs/jbailey5/baileyweb/gtollefs/mips_to_nanopore_gt/240215_MtoN_P2/output_rerun_for_completeness_check/variant_calling/RW015015-043043-ArtR22RW-1_raw/tmp/pileup_output
[INFO] Create folder /nfs/jbailey5/baileyweb/gtollefs/mips_to_nanopore_gt/240215_MtoN_P2/output_rerun_for_completeness_check/variant_calling/RW015015-043043-ArtR22RW-1_raw/tmp/merge_output
[INFO] Create folder /nfs/jbailey5/baileyweb/gtollefs/mips_to_nanopore_gt/240215_MtoN_P2/output_rerun_for_completeness_check/variant_calling/RW015015-043043-ArtR22RW-1_raw/tmp/phase_output
[INFO] Create folder /nfs/jbailey5/baileyweb/gtollefs/mips_to_nanopore_gt/240215_MtoN_P2/output_rerun_for_completeness_check/variant_calling/RW015015-043043-ArtR22RW-1_raw/tmp/gvcf_tmp_output
[INFO] Create folder /nfs/jbailey5/baileyweb/gtollefs/mips_to_nanopore_gt/240215_MtoN_P2/output_rerun_for_completeness_check/variant_calling/RW015015-043043-ArtR22RW-1_raw/tmp/full_alignment_output
[INFO] Create folder /nfs/jbailey5/baileyweb/gtollefs/mips_to_nanopore_gt/240215_MtoN_P2/output_rerun_for_completeness_check/variant_calling/RW015015-043043-ArtR22RW-1_raw/tmp/phase_output/phase_vcf
[INFO] Create folder /nfs/jbailey5/baileyweb/gtollefs/mips_to_nanopore_gt/240215_MtoN_P2/output_rerun_for_completeness_check/variant_calling/RW015015-043043-ArtR22RW-1_raw/tmp/phase_output/phase_bam
[INFO] Create folder /nfs/jbailey5/baileyweb/gtollefs/mips_to_nanopore_gt/240215_MtoN_P2/output_rerun_for_completeness_check/variant_calling/RW015015-043043-ArtR22RW-1_raw/tmp/full_alignment_output/candidate_bed
[INFO] --include_all_ctgs enabled
[93m[WARNING] Contig name chr1 provided but no mapped reads in BAM, skip![0m
[93m[WARNING] Contig name chr2 provided but no mapped reads in BAM, skip![0m
[93m[WARNING] Contig name chr3 provided but no mapped reads in BAM, skip![0m
[93m[WARNING] Contig name chr9 provided but no mapped reads in BAM, skip![0m
[93m[WARNING] Contig name chr10 provided but no mapped reads in BAM, skip![0m
[93m[WARNING] Contig name chrP provided but no mapped reads in BAM, skip![0m
[INFO] Call variant in contigs: chr4 chr5 chr6 chr7 chr8 chr11 chr12 chr13 chr14 chrM
[INFO] Chunk number for each contig: 1 1 1 1 1 1 1 1 1 1
[INFO] 1/7 Call variants using pileup model
Calling variants ...
[faidx] Truncated sequence: chr4:1-1201490
Total processed positions in chr4 (chunk 1/1) : 119
Total time elapsed: 11.13 s
Calling variants ...
[faidx] Truncated sequence: chr5:1-1344557
Total processed positions in chr5 (chunk 1/1) : 182
Total time elapsed: 12.00 s
Calling variants ...
[faidx] Truncated sequence: chr6:1-1419242
Total processed positions in chr6 (chunk 1/1) : 80
Total time elapsed: 12.11 s
Calling variants ...
[faidx] Truncated sequence: chr7:1-1446207
Total processed positions in chr7 (chunk 1/1) : 31
Total time elapsed: 12.45 s
Calling variants ...
[faidx] Truncated sequence: chr8:1-1473805
Total processed positions in chr8 (chunk 1/1) : 82
Total time elapsed: 12.81 s
Calling variants ...
[faidx] Truncated sequence: chr11:1-2039340
Total processed positions in chr11 (chunk 1/1) : 8
Total time elapsed: 16.58 s
Calling variants ...
[faidx] Truncated sequence: chr12:1-2272494
Total processed positions in chr12 (chunk 1/1) : 104
Total time elapsed: 18.72 s
Calling variants ...
[faidx] Truncated sequence: chr13:1-2926236
Total processed positions in chr13 (chunk 1/1) : 97
Total time elapsed: 22.97 s
Calling variants ...
[faidx] Truncated sequence: chr14:1-3292936
Total processed positions in chr14 (chunk 1/1) : 105
Total time elapsed: 26.04 s
Calling variants ...
[faidx] Truncated sequence: chrM:1-6967
Total processed positions in chrM (chunk 1/1) : 172
Total time elapsed: 2.31 s

real	2m57.129s
user	2m33.606s
sys	0m10.971s
[INFO] 2/7 No phasing for full alignment calling

[INFO] 5/7 Select candidates for full-alignment calling
[INFO] Set variants quality cutoff 8.0
[INFO] Set reference calls quality cutoff 8.0
[INFO] Low quality reference calls to be processed in chr4: 6
[INFO] Low quality variants to be processed in chr4: 6
[INFO] Low quality reference calls to be processed in chr5: 21
[INFO] Low quality variants to be processed in chr5: 13
[INFO] Low quality reference calls to be processed in chr6: 5
[INFO] Low quality variants to be processed in chr6: 4
[INFO] Low quality reference calls to be processed in chr7: 2
[INFO] Low quality variants to be processed in chr7: 7
[INFO] Low quality reference calls to be processed in chr8: 9
[INFO] Low quality variants to be processed in chr8: 6
[INFO] Low quality reference calls to be processed in chr11: 3
[INFO] Low quality variants to be processed in chr11: 1
[INFO] Low quality reference calls to be processed in chr12: 18
[INFO] Low quality variants to be processed in chr12: 3
[INFO] Low quality reference calls to be processed in chr13: 9
[INFO] Low quality variants to be processed in chr13: 2
[INFO] Low quality reference calls to be processed in chr14: 7
[INFO] Low quality variants to be processed in chr14: 0
[INFO] Low quality reference calls to be processed in chrM: 10
[INFO] Low quality variants to be processed in chrM: 1

real	0m1.935s
user	0m1.139s
sys	0m0.364s

[INFO] 6/7 Call low-quality variants using full-alignment model
Calling variants ...
Total processed positions in chr11 (chunk 1/1) : 4
Total time elapsed: 1.01 s
Calling variants ...
Total processed positions in chr12 (chunk 1/1) : 21
Total time elapsed: 1.02 s
Calling variants ...
Total processed positions in chr13 (chunk 1/1) : 11
Total time elapsed: 0.96 s
Calling variants ...
Total processed positions in chr14 (chunk 1/1) : 7
Total time elapsed: 0.93 s
Calling variants ...
Total processed positions in chr4 (chunk 1/1) : 12
Total time elapsed: 0.95 s
Calling variants ...
Total processed positions in chr5 (chunk 1/1) : 34
Total time elapsed: 1.07 s
Calling variants ...
Total processed positions in chr6 (chunk 1/1) : 9
Total time elapsed: 0.93 s
Calling variants ...
Total processed positions in chr7 (chunk 1/1) : 9
Total time elapsed: 0.95 s
Calling variants ...
Total processed positions in chr8 (chunk 1/1) : 15
Total time elapsed: 0.97 s
Calling variants ...
Total processed positions in chrM (chunk 1/1) : 11
Total time elapsed: 0.95 s

real	0m33.229s
user	0m24.323s
sys	0m3.343s

[INFO] 7/7 Merge pileup VCF and full-alignment VCF
[INFO] Pileup variants processed in chr4: 107
[INFO] Full-alignment variants processed in chr4: 12
[INFO] Merge variants and non-variants to GVCF
[INFO] Pileup variants processed in chr5: 148
[INFO] Full-alignment variants processed in chr5: 34
[INFO] Merge variants and non-variants to GVCF
[INFO] Pileup variants processed in chr6: 71
[INFO] Full-alignment variants processed in chr6: 9
[INFO] Merge variants and non-variants to GVCF
[INFO] Pileup variants processed in chr7: 22
[INFO] Full-alignment variants processed in chr7: 9
[INFO] Merge variants and non-variants to GVCF
[INFO] Pileup variants processed in chr8: 67
[INFO] Full-alignment variants processed in chr8: 15
[INFO] Merge variants and non-variants to GVCF
[INFO] Pileup variants processed in chr11: 4
[INFO] Full-alignment variants processed in chr11: 4
[INFO] Merge variants and non-variants to GVCF
[INFO] Pileup variants processed in chr12: 83
[INFO] Full-alignment variants processed in chr12: 21
[INFO] Merge variants and non-variants to GVCF
[INFO] Pileup variants processed in chr13: 86
[INFO] Full-alignment variants processed in chr13: 11
[INFO] Merge variants and non-variants to GVCF
[INFO] Pileup variants processed in chr14: 98
[INFO] Full-alignment variants processed in chr14: 7
[INFO] Merge variants and non-variants to GVCF
[INFO] Pileup variants processed in chrM: 161
[INFO] Full-alignment variants processed in chrM: 11
[INFO] Merge variants and non-variants to GVCF

real	0m3.275s
user	0m1.949s
sys	0m0.708s
[INFO] Need some time to compress and index GVCF file...

[INFO] Finish calling, output file: /nfs/jbailey5/baileyweb/gtollefs/mips_to_nanopore_gt/240215_MtoN_P2/output_rerun_for_completeness_check/variant_calling/RW015015-043043-ArtR22RW-1_raw/merge_output.vcf.gz

real	3m39.203s
user	3m2.133s
sys	0m15.957s
