## SLURM PROLOG ###############################################################
##    Job ID : 1070926
##  Job Name : snakejob.run_clair3_raw.338.sh
##  Nodelist : node1721
##      CPUs : 1
##  Mem/Node : 4000 MB
## Directory : /nfs/jbailey5/baileyweb/gtollefs/mips_to_nanopore_gt/nano_mamp_pipes/analysis
##   Job Started : Wed Mar 13 11:31:24 AM EDT 2024
###############################################################################
Processing sample: RW-17017-502502-ArtR23RW-1
[INFO] CLAIR3 VERSION: v1.0.5
[INFO] BAM FILE PATH: /nfs/jbailey5/baileyweb/gtollefs/mips_to_nanopore_gt/240215_MtoN_P2/output_rerun_for_completeness_check/mapping/bam_files/RW-17017-502502-ArtR23RW-1.sorted.bam
[INFO] REFERENCE FILE PATH: /nfs/jbailey5/baileyweb/bailey_share/resources/MIP_species_resources/pf/Pf_3D7/genomes/genome.fa
[INFO] MODEL PATH: /opt/models/r941_prom_sup_g5014
[INFO] OUTPUT FOLDER: /nfs/jbailey5/baileyweb/gtollefs/mips_to_nanopore_gt/240215_MtoN_P2/output_rerun_for_completeness_check/variant_calling/RW-17017-502502-ArtR23RW-1_raw
[INFO] PLATFORM: ont
[INFO] THREADS: 1
[INFO] BED FILE PATH: EMPTY
[INFO] VCF FILE PATH: EMPTY
[INFO] CONTIGS: EMPTY
[INFO] CONDA PREFIX: /users/gtollefs/mambaforge/envs/snakemake
[INFO] SAMTOOLS PATH: samtools
[INFO] PYTHON PATH: python3
[INFO] PYPY PATH: pypy3
[INFO] PARALLEL PATH: parallel
[INFO] WHATSHAP PATH: whatshap
[INFO] LONGPHASE PATH: EMPTY
[INFO] CHUNK SIZE: 5000000
[INFO] FULL ALIGN PROPORTION: 0.7
[INFO] FULL ALIGN REFERENCE PROPORTION: 0.1
[INFO] PHASING PROPORTION: 0.8
[INFO] MINIMUM MQ: 5
[INFO] MINIMUM COVERAGE: 2
[INFO] SNP AF THRESHOLD: 0.001
[INFO] INDEL AF THRESHOLD: 0.001
[INFO] BASE ERROR IN GVCF: 0.001
[INFO] GQ BIN SIZE IN GVCF: 5
[INFO] ENABLE FILEUP ONLY CALLING: False
[INFO] ENABLE FAST MODE CALLING: False
[INFO] ENABLE CALLING SNP CANDIDATES ONLY: False
[INFO] ENABLE PRINTING REFERENCE CALLS: True
[INFO] ENABLE OUTPUT GVCF: True
[INFO] ENABLE HAPLOID PRECISE MODE: False
[INFO] ENABLE HAPLOID SENSITIVE MODE: False
[INFO] ENABLE INCLUDE ALL CTGS CALLING: True
[INFO] ENABLE NO PHASING FOR FULL ALIGNMENT: True
[INFO] ENABLE REMOVING INTERMEDIATE FILES: False
[INFO] ENABLE LONGPHASE FOR INTERMEDIATE VCF PHASING: False
[INFO] ENABLE PHASING FINAL VCF OUTPUT USING WHATSHAP: False
[INFO] ENABLE PHASING FINAL VCF OUTPUT USING LONGPHASE: False
[INFO] ENABLE HAPLOTAGGING FINAL BAM: False
[INFO] ENABLE LONG INDEL CALLING: False
[INFO] ENABLE C_IMPLEMENT: True

[31m[ERROR] BAM index bai file not found, please use 'samtools index $BAM' first[0m

real	0m0.003s
user	0m0.000s
sys	0m0.000s
