## SLURM PROLOG ###############################################################
##    Job ID : 1070861
##  Job Name : snakejob.run_clair3_raw.290.sh
##  Nodelist : node1710
##      CPUs : 1
##  Mem/Node : 4000 MB
## Directory : /nfs/jbailey5/baileyweb/gtollefs/mips_to_nanopore_gt/nano_mamp_pipes/analysis
##   Job Started : Wed Mar 13 11:31:18 AM EDT 2024
###############################################################################
Processing sample: 3d7-500
[INFO] CLAIR3 VERSION: v1.0.5
[INFO] BAM FILE PATH: /nfs/jbailey5/baileyweb/gtollefs/mips_to_nanopore_gt/240215_MtoN_P2/output_rerun_for_completeness_check/mapping/bam_files/3d7-500.sorted.bam
[INFO] REFERENCE FILE PATH: /nfs/jbailey5/baileyweb/bailey_share/resources/MIP_species_resources/pf/Pf_3D7/genomes/genome.fa
[INFO] MODEL PATH: /opt/models/r941_prom_sup_g5014
[INFO] OUTPUT FOLDER: /nfs/jbailey5/baileyweb/gtollefs/mips_to_nanopore_gt/240215_MtoN_P2/output_rerun_for_completeness_check/variant_calling/3d7-500_raw
[INFO] PLATFORM: ont
[INFO] THREADS: 1
[INFO] BED FILE PATH: EMPTY
[INFO] VCF FILE PATH: EMPTY
[INFO] CONTIGS: EMPTY
[INFO] CONDA PREFIX: /users/gtollefs/mambaforge/envs/snakemake
[INFO] SAMTOOLS PATH: samtools
[INFO] PYTHON PATH: python3
[INFO] PYPY PATH: pypy3
[INFO] PARALLEL PATH: parallel
[INFO] WHATSHAP PATH: whatshap
[INFO] LONGPHASE PATH: EMPTY
[INFO] CHUNK SIZE: 5000000
[INFO] FULL ALIGN PROPORTION: 0.7
[INFO] FULL ALIGN REFERENCE PROPORTION: 0.1
[INFO] PHASING PROPORTION: 0.8
[INFO] MINIMUM MQ: 5
[INFO] MINIMUM COVERAGE: 2
[INFO] SNP AF THRESHOLD: 0.001
[INFO] INDEL AF THRESHOLD: 0.001
[INFO] BASE ERROR IN GVCF: 0.001
[INFO] GQ BIN SIZE IN GVCF: 5
[INFO] ENABLE FILEUP ONLY CALLING: False
[INFO] ENABLE FAST MODE CALLING: False
[INFO] ENABLE CALLING SNP CANDIDATES ONLY: False
[INFO] ENABLE PRINTING REFERENCE CALLS: True
[INFO] ENABLE OUTPUT GVCF: True
[INFO] ENABLE HAPLOID PRECISE MODE: False
[INFO] ENABLE HAPLOID SENSITIVE MODE: False
[INFO] ENABLE INCLUDE ALL CTGS CALLING: True
[INFO] ENABLE NO PHASING FOR FULL ALIGNMENT: True
[INFO] ENABLE REMOVING INTERMEDIATE FILES: False
[INFO] ENABLE LONGPHASE FOR INTERMEDIATE VCF PHASING: False
[INFO] ENABLE PHASING FINAL VCF OUTPUT USING WHATSHAP: False
[INFO] ENABLE PHASING FINAL VCF OUTPUT USING LONGPHASE: False
[INFO] ENABLE HAPLOTAGGING FINAL BAM: False
[INFO] ENABLE LONG INDEL CALLING: False
[INFO] ENABLE C_IMPLEMENT: True

+ /opt/bin/scripts/clair3_c_impl.sh --bam_fn /nfs/jbailey5/baileyweb/gtollefs/mips_to_nanopore_gt/240215_MtoN_P2/output_rerun_for_completeness_check/mapping/bam_files/3d7-500.sorted.bam --ref_fn /nfs/jbailey5/baileyweb/bailey_share/resources/MIP_species_resources/pf/Pf_3D7/genomes/genome.fa --threads 1 --model_path /opt/models/r941_prom_sup_g5014 --platform ont --output /nfs/jbailey5/baileyweb/gtollefs/mips_to_nanopore_gt/240215_MtoN_P2/output_rerun_for_completeness_check/variant_calling/3d7-500_raw --bed_fn=EMPTY --vcf_fn=EMPTY --ctg_name=EMPTY --sample_name=3d7-500 --chunk_num=0 --chunk_size=5000000 --samtools=samtools --python=python3 --pypy=pypy3 --parallel=parallel --whatshap=whatshap --qual=2 --var_pct_full=0.7 --ref_pct_full=0.1 --var_pct_phasing=0.8 --snp_min_af=0.001 --indel_min_af=0.001 --min_mq=5 --min_coverage=2 --min_contig_size=0 --pileup_only=False --gvcf=True --base_err=0.001 --gq_bin_size=5 --fast_mode=False --call_snp_only=False --print_ref_calls=True --haploid_precise=False --haploid_sensitive=False --include_all_ctgs=True --no_phasing_for_fa=True --pileup_model_prefix=pileup --fa_model_prefix=full_alignment --remove_intermediate_dir=False --enable_phasing=False --enable_long_indel=False --keep_iupac_bases=False --use_gpu=False --longphase_for_phasing=False --longphase=EMPTY --use_whatshap_for_intermediate_phasing=True --use_longphase_for_intermediate_phasing=False --use_whatshap_for_final_output_phasing=False --use_longphase_for_final_output_phasing=False --use_whatshap_for_final_output_haplotagging=False

[INFO] Check environment variables
[INFO] Create folder /nfs/jbailey5/baileyweb/gtollefs/mips_to_nanopore_gt/240215_MtoN_P2/output_rerun_for_completeness_check/variant_calling/3d7-500_raw/log
[INFO] Create folder /nfs/jbailey5/baileyweb/gtollefs/mips_to_nanopore_gt/240215_MtoN_P2/output_rerun_for_completeness_check/variant_calling/3d7-500_raw/tmp/pileup_output
[INFO] Create folder /nfs/jbailey5/baileyweb/gtollefs/mips_to_nanopore_gt/240215_MtoN_P2/output_rerun_for_completeness_check/variant_calling/3d7-500_raw/tmp/merge_output
[INFO] Create folder /nfs/jbailey5/baileyweb/gtollefs/mips_to_nanopore_gt/240215_MtoN_P2/output_rerun_for_completeness_check/variant_calling/3d7-500_raw/tmp/phase_output
[INFO] Create folder /nfs/jbailey5/baileyweb/gtollefs/mips_to_nanopore_gt/240215_MtoN_P2/output_rerun_for_completeness_check/variant_calling/3d7-500_raw/tmp/gvcf_tmp_output
[INFO] Create folder /nfs/jbailey5/baileyweb/gtollefs/mips_to_nanopore_gt/240215_MtoN_P2/output_rerun_for_completeness_check/variant_calling/3d7-500_raw/tmp/full_alignment_output
[INFO] Create folder /nfs/jbailey5/baileyweb/gtollefs/mips_to_nanopore_gt/240215_MtoN_P2/output_rerun_for_completeness_check/variant_calling/3d7-500_raw/tmp/phase_output/phase_vcf
[INFO] Create folder /nfs/jbailey5/baileyweb/gtollefs/mips_to_nanopore_gt/240215_MtoN_P2/output_rerun_for_completeness_check/variant_calling/3d7-500_raw/tmp/phase_output/phase_bam
[INFO] Create folder /nfs/jbailey5/baileyweb/gtollefs/mips_to_nanopore_gt/240215_MtoN_P2/output_rerun_for_completeness_check/variant_calling/3d7-500_raw/tmp/full_alignment_output/candidate_bed
[INFO] --include_all_ctgs enabled
[93m[WARNING] Contig name chr1 provided but no mapped reads in BAM, skip![0m
[93m[WARNING] Contig name chr2 provided but no mapped reads in BAM, skip![0m
[93m[WARNING] Contig name chr3 provided but no mapped reads in BAM, skip![0m
[93m[WARNING] Contig name chr9 provided but no mapped reads in BAM, skip![0m
[93m[WARNING] Contig name chr10 provided but no mapped reads in BAM, skip![0m
[93m[WARNING] Contig name chrP provided but no mapped reads in BAM, skip![0m
[INFO] Call variant in contigs: chr4 chr5 chr6 chr7 chr8 chr11 chr12 chr13 chr14 chrM
[INFO] Chunk number for each contig: 1 1 1 1 1 1 1 1 1 1
[INFO] 1/7 Call variants using pileup model
Calling variants ...
[faidx] Truncated sequence: chr4:1-1201490
Total processed positions in chr4 (chunk 1/1) : 473
Total time elapsed: 12.50 s
Calling variants ...
[faidx] Truncated sequence: chr5:1-1344557
Total processed positions in chr5 (chunk 1/1) : 997
Total time elapsed: 13.19 s
Calling variants ...
[faidx] Truncated sequence: chr6:1-1419242
Total processed positions in chr6 (chunk 1/1) : 469
Total time elapsed: 12.86 s
Calling variants ...
[faidx] Truncated sequence: chr7:1-1446207
Total processed positions in chr7 (chunk 1/1) : 632
Total time elapsed: 13.22 s
Calling variants ...
[faidx] Truncated sequence: chr8:1-1473805
Total processed positions in chr8 (chunk 1/1) : 544
Total time elapsed: 13.19 s
Calling variants ...
[faidx] Truncated sequence: chr11:1-2039340
Total processed positions in chr11 (chunk 1/1) : 22
Total time elapsed: 16.57 s
Calling variants ...
[faidx] Truncated sequence: chr12:1-2272494
Total processed positions in chr12 (chunk 1/1) : 1454
Total time elapsed: 19.34 s
Calling variants ...
[faidx] Truncated sequence: chr13:1-2926236
Total processed positions in chr13 (chunk 1/1) : 670
Total time elapsed: 24.33 s
Calling variants ...
[faidx] Truncated sequence: chr14:1-3292936
Total processed positions in chr14 (chunk 1/1) : 725
Total time elapsed: 26.68 s
Calling variants ...
[faidx] Truncated sequence: chrM:1-6967
Total processed positions in chrM (chunk 1/1) : 624
Total time elapsed: 3.71 s

real	3m5.761s
user	2m45.030s
sys	0m9.554s
[INFO] 2/7 No phasing for full alignment calling

[INFO] 5/7 Select candidates for full-alignment calling
[INFO] Set variants quality cutoff 7.0
[INFO] Set reference calls quality cutoff 14.0
[INFO] Low quality reference calls to be processed in chr4: 21
[INFO] Low quality variants to be processed in chr4: 0
[INFO] Low quality reference calls to be processed in chr5: 91
[INFO] Low quality variants to be processed in chr5: 4
[INFO] Low quality reference calls to be processed in chr6: 33
[INFO] Low quality variants to be processed in chr6: 3
[INFO] Low quality reference calls to be processed in chr7: 113
[INFO] Low quality variants to be processed in chr7: 13
[INFO] Low quality reference calls to be processed in chr8: 71
[INFO] Low quality variants to be processed in chr8: 3
[INFO] Low quality reference calls to be processed in chr11: 10
[INFO] Low quality variants to be processed in chr11: 0
[INFO] Low quality reference calls to be processed in chr12: 192
[INFO] Low quality variants to be processed in chr12: 6
[INFO] Low quality reference calls to be processed in chr13: 55
[INFO] Low quality variants to be processed in chr13: 1
[INFO] Low quality reference calls to be processed in chr14: 55
[INFO] Low quality variants to be processed in chr14: 4
[INFO] Low quality reference calls to be processed in chrM: 13
[INFO] Low quality variants to be processed in chrM: 0

real	0m1.975s
user	0m1.232s
sys	0m0.348s

[INFO] 6/7 Call low-quality variants using full-alignment model
Calling variants ...
Total processed positions in chr11 (chunk 1/1) : 10
Total time elapsed: 1.10 s
Calling variants ...
Total processed positions in chr12 (chunk 1/1) : 198
Total time elapsed: 2.06 s
Calling variants ...
Total processed positions in chr13 (chunk 1/1) : 56
Total time elapsed: 1.17 s
Calling variants ...
Total processed positions in chr14 (chunk 1/1) : 59
Total time elapsed: 1.24 s
Calling variants ...
Total processed positions in chr4 (chunk 1/1) : 21
Total time elapsed: 1.04 s
Calling variants ...
Total processed positions in chr5 (chunk 1/1) : 95
Total time elapsed: 1.42 s
Calling variants ...
Total processed positions in chr6 (chunk 1/1) : 36
Total time elapsed: 1.12 s
Calling variants ...
Total processed positions in chr7 (chunk 1/1) : 126
Total time elapsed: 1.54 s
Calling variants ...
Total processed positions in chr8 (chunk 1/1) : 74
Total time elapsed: 1.33 s
Calling variants ...
Total processed positions in chrM (chunk 1/1) : 13
Total time elapsed: 0.92 s

real	0m39.207s
user	0m29.930s
sys	0m3.442s

[INFO] 7/7 Merge pileup VCF and full-alignment VCF
[INFO] Pileup variants processed in chr4: 452
[INFO] Full-alignment variants processed in chr4: 21
[INFO] Merge variants and non-variants to GVCF
[INFO] Pileup variants processed in chr5: 902
[INFO] Full-alignment variants processed in chr5: 95
[INFO] Merge variants and non-variants to GVCF
[INFO] Pileup variants processed in chr6: 433
[INFO] Full-alignment variants processed in chr6: 36
[INFO] Merge variants and non-variants to GVCF
[INFO] Pileup variants processed in chr7: 506
[INFO] Full-alignment variants processed in chr7: 126
[INFO] Merge variants and non-variants to GVCF
[INFO] Pileup variants processed in chr8: 470
[INFO] Full-alignment variants processed in chr8: 74
[INFO] Merge variants and non-variants to GVCF
[INFO] Pileup variants processed in chr11: 12
[INFO] Full-alignment variants processed in chr11: 10
[INFO] Merge variants and non-variants to GVCF
[INFO] Pileup variants processed in chr12: 1256
[INFO] Full-alignment variants processed in chr12: 198
[INFO] Merge variants and non-variants to GVCF
[INFO] Pileup variants processed in chr13: 614
[INFO] Full-alignment variants processed in chr13: 56
[INFO] Merge variants and non-variants to GVCF
[INFO] Pileup variants processed in chr14: 666
[INFO] Full-alignment variants processed in chr14: 59
[INFO] Merge variants and non-variants to GVCF
[INFO] Pileup variants processed in chrM: 611
[INFO] Full-alignment variants processed in chrM: 13
[INFO] Merge variants and non-variants to GVCF

real	0m3.586s
user	0m2.229s
sys	0m0.774s
[INFO] Need some time to compress and index GVCF file...

[INFO] Finish calling, output file: /nfs/jbailey5/baileyweb/gtollefs/mips_to_nanopore_gt/240215_MtoN_P2/output_rerun_for_completeness_check/variant_calling/3d7-500_raw/merge_output.vcf.gz

real	3m54.537s
user	3m19.620s
sys	0m14.704s
