## SLURM PROLOG ###############################################################
##    Job ID : 1070913
##  Job Name : snakejob.run_clair3_targets.464.sh
##  Nodelist : node1721
##      CPUs : 1
##  Mem/Node : 4000 MB
## Directory : /nfs/jbailey5/baileyweb/gtollefs/mips_to_nanopore_gt/nano_mamp_pipes/analysis
##   Job Started : Wed Mar 13 11:31:21 AM EDT 2024
###############################################################################
Processing sample: RW-17017-459459-ArtR23RW-1
[INFO] CLAIR3 VERSION: v1.0.5
[INFO] BAM FILE PATH: /nfs/jbailey5/baileyweb/gtollefs/mips_to_nanopore_gt/240215_MtoN_P2/output_rerun_for_completeness_check/mapping/bam_files/RW-17017-459459-ArtR23RW-1.sorted.bam
[INFO] REFERENCE FILE PATH: /nfs/jbailey5/baileyweb/bailey_share/resources/MIP_species_resources/pf/Pf_3D7/genomes/genome.fa
[INFO] MODEL PATH: /opt/models/r941_prom_sup_g5014
[INFO] OUTPUT FOLDER: /nfs/jbailey5/baileyweb/gtollefs/mips_to_nanopore_gt/240215_MtoN_P2/output_rerun_for_completeness_check/variant_calling/RW-17017-459459-ArtR23RW-1_targets
[INFO] PLATFORM: ont
[INFO] THREADS: 1
[INFO] BED FILE PATH: EMPTY
[INFO] VCF FILE PATH: /nfs/jbailey5/baileyweb/gtollefs/mips_to_nanopore_gt/bams_to_vcf/resources/targets.vcf.gz
[INFO] CONTIGS: EMPTY
[INFO] CONDA PREFIX: /users/gtollefs/mambaforge/envs/snakemake
[INFO] SAMTOOLS PATH: samtools
[INFO] PYTHON PATH: python3
[INFO] PYPY PATH: pypy3
[INFO] PARALLEL PATH: parallel
[INFO] WHATSHAP PATH: whatshap
[INFO] LONGPHASE PATH: EMPTY
[INFO] CHUNK SIZE: 5000000
[INFO] FULL ALIGN PROPORTION: 0.7
[INFO] FULL ALIGN REFERENCE PROPORTION: 0.1
[INFO] PHASING PROPORTION: 0.8
[INFO] MINIMUM MQ: 5
[INFO] MINIMUM COVERAGE: 2
[INFO] SNP AF THRESHOLD: 0.0
[INFO] INDEL AF THRESHOLD: 0.0
[INFO] BASE ERROR IN GVCF: 0.001
[INFO] GQ BIN SIZE IN GVCF: 5
[INFO] ENABLE FILEUP ONLY CALLING: False
[INFO] ENABLE FAST MODE CALLING: False
[INFO] ENABLE CALLING SNP CANDIDATES ONLY: False
[INFO] ENABLE PRINTING REFERENCE CALLS: True
[INFO] ENABLE OUTPUT GVCF: True
[INFO] ENABLE HAPLOID PRECISE MODE: False
[INFO] ENABLE HAPLOID SENSITIVE MODE: False
[INFO] ENABLE INCLUDE ALL CTGS CALLING: True
[INFO] ENABLE NO PHASING FOR FULL ALIGNMENT: True
[INFO] ENABLE REMOVING INTERMEDIATE FILES: False
[INFO] ENABLE LONGPHASE FOR INTERMEDIATE VCF PHASING: False
[INFO] ENABLE PHASING FINAL VCF OUTPUT USING WHATSHAP: False
[INFO] ENABLE PHASING FINAL VCF OUTPUT USING LONGPHASE: False
[INFO] ENABLE HAPLOTAGGING FINAL BAM: False
[INFO] ENABLE LONG INDEL CALLING: False
[INFO] ENABLE C_IMPLEMENT: True

+ /opt/bin/scripts/clair3_c_impl.sh --bam_fn /nfs/jbailey5/baileyweb/gtollefs/mips_to_nanopore_gt/240215_MtoN_P2/output_rerun_for_completeness_check/mapping/bam_files/RW-17017-459459-ArtR23RW-1.sorted.bam --ref_fn /nfs/jbailey5/baileyweb/bailey_share/resources/MIP_species_resources/pf/Pf_3D7/genomes/genome.fa --threads 1 --model_path /opt/models/r941_prom_sup_g5014 --platform ont --output /nfs/jbailey5/baileyweb/gtollefs/mips_to_nanopore_gt/240215_MtoN_P2/output_rerun_for_completeness_check/variant_calling/RW-17017-459459-ArtR23RW-1_targets --bed_fn=EMPTY --vcf_fn=/nfs/jbailey5/baileyweb/gtollefs/mips_to_nanopore_gt/bams_to_vcf/resources/targets.vcf.gz --ctg_name=EMPTY --sample_name=RW-17017-459459-ArtR23RW-1 --chunk_num=0 --chunk_size=5000000 --samtools=samtools --python=python3 --pypy=pypy3 --parallel=parallel --whatshap=whatshap --qual=2 --var_pct_full=0.7 --ref_pct_full=0.1 --var_pct_phasing=0.8 --snp_min_af=0.0 --indel_min_af=0.0 --min_mq=5 --min_coverage=2 --min_contig_size=0 --pileup_only=False --gvcf=True --base_err=0.001 --gq_bin_size=5 --fast_mode=False --call_snp_only=False --print_ref_calls=True --haploid_precise=False --haploid_sensitive=False --include_all_ctgs=True --no_phasing_for_fa=True --pileup_model_prefix=pileup --fa_model_prefix=full_alignment --remove_intermediate_dir=False --enable_phasing=False --enable_long_indel=False --keep_iupac_bases=False --use_gpu=False --longphase_for_phasing=False --longphase=EMPTY --use_whatshap_for_intermediate_phasing=True --use_longphase_for_intermediate_phasing=False --use_whatshap_for_final_output_phasing=False --use_longphase_for_final_output_phasing=False --use_whatshap_for_final_output_haplotagging=False

[INFO] Check environment variables
[INFO] Create folder /nfs/jbailey5/baileyweb/gtollefs/mips_to_nanopore_gt/240215_MtoN_P2/output_rerun_for_completeness_check/variant_calling/RW-17017-459459-ArtR23RW-1_targets/log
[INFO] Create folder /nfs/jbailey5/baileyweb/gtollefs/mips_to_nanopore_gt/240215_MtoN_P2/output_rerun_for_completeness_check/variant_calling/RW-17017-459459-ArtR23RW-1_targets/tmp/split_beds
[INFO] Create folder /nfs/jbailey5/baileyweb/gtollefs/mips_to_nanopore_gt/240215_MtoN_P2/output_rerun_for_completeness_check/variant_calling/RW-17017-459459-ArtR23RW-1_targets/tmp/pileup_output
[INFO] Create folder /nfs/jbailey5/baileyweb/gtollefs/mips_to_nanopore_gt/240215_MtoN_P2/output_rerun_for_completeness_check/variant_calling/RW-17017-459459-ArtR23RW-1_targets/tmp/merge_output
[INFO] Create folder /nfs/jbailey5/baileyweb/gtollefs/mips_to_nanopore_gt/240215_MtoN_P2/output_rerun_for_completeness_check/variant_calling/RW-17017-459459-ArtR23RW-1_targets/tmp/phase_output
[INFO] Create folder /nfs/jbailey5/baileyweb/gtollefs/mips_to_nanopore_gt/240215_MtoN_P2/output_rerun_for_completeness_check/variant_calling/RW-17017-459459-ArtR23RW-1_targets/tmp/gvcf_tmp_output
[INFO] Create folder /nfs/jbailey5/baileyweb/gtollefs/mips_to_nanopore_gt/240215_MtoN_P2/output_rerun_for_completeness_check/variant_calling/RW-17017-459459-ArtR23RW-1_targets/tmp/full_alignment_output
[INFO] Create folder /nfs/jbailey5/baileyweb/gtollefs/mips_to_nanopore_gt/240215_MtoN_P2/output_rerun_for_completeness_check/variant_calling/RW-17017-459459-ArtR23RW-1_targets/tmp/phase_output/phase_vcf
[INFO] Create folder /nfs/jbailey5/baileyweb/gtollefs/mips_to_nanopore_gt/240215_MtoN_P2/output_rerun_for_completeness_check/variant_calling/RW-17017-459459-ArtR23RW-1_targets/tmp/phase_output/phase_bam
[INFO] Create folder /nfs/jbailey5/baileyweb/gtollefs/mips_to_nanopore_gt/240215_MtoN_P2/output_rerun_for_completeness_check/variant_calling/RW-17017-459459-ArtR23RW-1_targets/tmp/full_alignment_output/candidate_bed
[INFO] --include_all_ctgs enabled
[INFO] Call variant in contigs: chr4 chr5 chr7 chr8 chr13 chrM
[INFO] Chunk number for each contig: 1 1 1 1 1 1
[INFO] 1/7 Call variants using pileup model
Calling variants ...
Total processed positions in chr4 (chunk 1/1) : 5
Total time elapsed: 2.33 s
Calling variants ...
Total processed positions in chr5 (chunk 1/1) : 5
Total time elapsed: 1.96 s
Calling variants ...
Total processed positions in chr7 (chunk 1/1) : 17
Total time elapsed: 2.01 s
Calling variants ...
Total processed positions in chr8 (chunk 1/1) : 7
Total time elapsed: 1.90 s
Calling variants ...
Total processed positions in chr13 (chunk 1/1) : 7
Total time elapsed: 1.91 s
Calling variants ...
Total processed positions in chrM (chunk 1/1) : 4
Total time elapsed: 1.99 s

real	0m29.220s
user	0m19.809s
sys	0m1.848s
[INFO] 2/7 No phasing for full alignment calling

[INFO] 5/7 Select candidates for full-alignment calling
[INFO] Set variants quality cutoff 21.0
[INFO] Set reference calls quality cutoff 9.0
[INFO] Low quality reference calls to be processed in chr4: 0
[INFO] Low quality variants to be processed in chr4: 1
[INFO] Low quality reference calls to be processed in chr5: 1
[INFO] Low quality variants to be processed in chr5: 0
[INFO] Low quality reference calls to be processed in chr7: 2
[INFO] Low quality variants to be processed in chr7: 0
[INFO] Low quality reference calls to be processed in chr8: 0
[INFO] Low quality variants to be processed in chr8: 1
[93m[WARNING] Cannot find any low-quality 0/0, 0/1 or 1/1 variant in pileup output in contig chr13[0m
[93m[WARNING] Copying pileup.vcf.gz to /nfs/jbailey5/baileyweb/gtollefs/mips_to_nanopore_gt/240215_MtoN_P2/output_rerun_for_completeness_check/variant_calling/RW-17017-459459-ArtR23RW-1_targets/merge_output.vcf.gz[0m
[INFO] Low quality reference calls to be processed in chr13: 0
[INFO] Low quality variants to be processed in chr13: 0
[93m[WARNING] Cannot find any low-quality 0/0, 0/1 or 1/1 variant in pileup output in contig chrM[0m
[93m[WARNING] Copying pileup.vcf.gz to /nfs/jbailey5/baileyweb/gtollefs/mips_to_nanopore_gt/240215_MtoN_P2/output_rerun_for_completeness_check/variant_calling/RW-17017-459459-ArtR23RW-1_targets/merge_output.vcf.gz[0m
[INFO] Low quality reference calls to be processed in chrM: 0
[INFO] Low quality variants to be processed in chrM: 0

real	0m1.014s
user	0m0.649s
sys	0m0.185s

[INFO] 6/7 Call low-quality variants using full-alignment model
Calling variants ...
Total processed positions in  : 0
[93m[WARNING] No full-alignment output for file //nfs/jbailey5/baileyweb/gtollefs/mips_to_nanopore_gt/240215_MtoN_P2/output_rerun_for_completeness_check/variant_calling/RW-17017-459459-ArtR23RW-1_targets/tmp/full_alignment_output/full_alignment_.vcf[0m
Total time elapsed: 0.00 s
[INFO] No vcf output for file /nfs/jbailey5/baileyweb/gtollefs/mips_to_nanopore_gt/240215_MtoN_P2/output_rerun_for_completeness_check/variant_calling/RW-17017-459459-ArtR23RW-1_targets/tmp/full_alignment_output/full_alignment_.vcf, remove empty file
Calling variants ...
Total processed positions in chr4 (chunk 1/1) : 1
Total time elapsed: 1.02 s
Calling variants ...
Total processed positions in chr5 (chunk 1/1) : 1
Total time elapsed: 0.83 s
Calling variants ...
Total processed positions in chr7 (chunk 1/1) : 2
Total time elapsed: 0.84 s
Calling variants ...
Total processed positions in chr8 (chunk 1/1) : 1
Total time elapsed: 0.83 s
Calling variants ...
Total processed positions in  : 0
[93m[WARNING] No full-alignment output for file //nfs/jbailey5/baileyweb/gtollefs/mips_to_nanopore_gt/240215_MtoN_P2/output_rerun_for_completeness_check/variant_calling/RW-17017-459459-ArtR23RW-1_targets/tmp/full_alignment_output/full_alignment_.vcf[0m
Total time elapsed: 0.00 s
[INFO] No vcf output for file /nfs/jbailey5/baileyweb/gtollefs/mips_to_nanopore_gt/240215_MtoN_P2/output_rerun_for_completeness_check/variant_calling/RW-17017-459459-ArtR23RW-1_targets/tmp/full_alignment_output/full_alignment_.vcf, remove empty file

real	0m15.772s
user	0m11.971s
sys	0m1.201s

[INFO] 7/7 Merge pileup VCF and full-alignment VCF
[INFO] Pileup variants processed in chr4: 4
[INFO] Full-alignment variants processed in chr4: 1
[INFO] Merge variants and non-variants to GVCF
[INFO] Pileup variants processed in chr5: 4
[INFO] Full-alignment variants processed in chr5: 1
[INFO] Merge variants and non-variants to GVCF
[INFO] Pileup variants processed in chr7: 15
[INFO] Full-alignment variants processed in chr7: 2
[INFO] Merge variants and non-variants to GVCF
[INFO] Pileup variants processed in chr8: 6
[INFO] Full-alignment variants processed in chr8: 1
[INFO] Merge variants and non-variants to GVCF
[INFO] Pileup variants processed in chr13: 7
[INFO] Full-alignment variants processed in chr13: 0
[INFO] Merge variants and non-variants to GVCF
[INFO] Pileup variants processed in chrM: 4
[INFO] Full-alignment variants processed in chrM: 0
[INFO] Merge variants and non-variants to GVCF

real	0m1.646s
user	0m1.033s
sys	0m0.331s
[INFO] Need some time to compress and index GVCF file...
[INFO] Double check re-genotyping variants
[INFO] Total variants for genotyping: 45, total Clair3 variant output: 45, added 0 variants into output VCF

[INFO] Finish calling, output file: /nfs/jbailey5/baileyweb/gtollefs/mips_to_nanopore_gt/240215_MtoN_P2/output_rerun_for_completeness_check/variant_calling/RW-17017-459459-ArtR23RW-1_targets/merge_output.vcf.gz

real	0m50.948s
user	0m34.504s
sys	0m3.918s
