## SLURM PROLOG ###############################################################
##    Job ID : 1145203
##  Job Name : check_bam_coverage
##  Nodelist : node1325
##      CPUs : 1
##  Mem/Node : 4096 MB
## Directory : /nfs/jbailey5/baileyweb/gtollefs/mips_to_nanopore_gt/nano_mamp_pipes/analysis
##   Job Started : Thu Mar 21 04:04:56 PM EDT 2024
###############################################################################
chr13	1724974	136
found reads in /nfs/jbailey5/baileyweb/gtollefs/mips_to_nanopore_gt/240215_MtoN_P2/dorado_pipeline_output/mapping/bam_files/3d7-1000.sorted.bam
chr13	1724974	333
found reads in /nfs/jbailey5/baileyweb/gtollefs/mips_to_nanopore_gt/240215_MtoN_P2/dorado_pipeline_output/mapping/bam_files/3d7-2000.sorted.bam
chr13	1724974	707
found reads in /nfs/jbailey5/baileyweb/gtollefs/mips_to_nanopore_gt/240215_MtoN_P2/dorado_pipeline_output/mapping/bam_files/3d7-4000.sorted.bam
chr13	1724974	65
found reads in /nfs/jbailey5/baileyweb/gtollefs/mips_to_nanopore_gt/240215_MtoN_P2/dorado_pipeline_output/mapping/bam_files/3d7-500.sorted.bam
chr13	1724974	7
found reads in /nfs/jbailey5/baileyweb/gtollefs/mips_to_nanopore_gt/240215_MtoN_P2/dorado_pipeline_output/mapping/bam_files/NTP.sorted.bam
chr13	1724974	750
found reads in /nfs/jbailey5/baileyweb/gtollefs/mips_to_nanopore_gt/240215_MtoN_P2/dorado_pipeline_output/mapping/bam_files/RW-11011-093093-ArtR22RW-1.sorted.bam
chr13	1724974	1375
found reads in /nfs/jbailey5/baileyweb/gtollefs/mips_to_nanopore_gt/240215_MtoN_P2/dorado_pipeline_output/mapping/bam_files/RW-13013-301301-ArtR23RW-1.sorted.bam
chr13	1724974	825
found reads in /nfs/jbailey5/baileyweb/gtollefs/mips_to_nanopore_gt/240215_MtoN_P2/dorado_pipeline_output/mapping/bam_files/RW-13013-303303-ArtR23RW-1.sorted.bam
chr13	1724974	544
found reads in /nfs/jbailey5/baileyweb/gtollefs/mips_to_nanopore_gt/240215_MtoN_P2/dorado_pipeline_output/mapping/bam_files/RW-14014-308308-ArtR23RW-1.sorted.bam
chr13	1724974	1238
found reads in /nfs/jbailey5/baileyweb/gtollefs/mips_to_nanopore_gt/240215_MtoN_P2/dorado_pipeline_output/mapping/bam_files/RW-14014-342342-ArtR23RW-1.sorted.bam
chr13	1724974	1720
found reads in /nfs/jbailey5/baileyweb/gtollefs/mips_to_nanopore_gt/240215_MtoN_P2/dorado_pipeline_output/mapping/bam_files/RW-17017-304304-ArtR22RW-1.sorted.bam
chr13	1724974	647
found reads in /nfs/jbailey5/baileyweb/gtollefs/mips_to_nanopore_gt/240215_MtoN_P2/dorado_pipeline_output/mapping/bam_files/RW-17017-333333-ArtR22RW-1.sorted.bam
chr13	1724974	1126
found reads in /nfs/jbailey5/baileyweb/gtollefs/mips_to_nanopore_gt/240215_MtoN_P2/dorado_pipeline_output/mapping/bam_files/RW-17017-359359-ArtR23RW-1.sorted.bam
chr13	1724974	646
found reads in /nfs/jbailey5/baileyweb/gtollefs/mips_to_nanopore_gt/240215_MtoN_P2/dorado_pipeline_output/mapping/bam_files/RW-17017-393393-ArtR23RW-1.sorted.bam
chr13	1724974	981
found reads in /nfs/jbailey5/baileyweb/gtollefs/mips_to_nanopore_gt/240215_MtoN_P2/dorado_pipeline_output/mapping/bam_files/RW-17017-434434-ArtR23RW-1.sorted.bam
chr13	1724974	854
found reads in /nfs/jbailey5/baileyweb/gtollefs/mips_to_nanopore_gt/240215_MtoN_P2/dorado_pipeline_output/mapping/bam_files/RW-17017-448448-ArtR23RW-1.sorted.bam
chr13	1724974	1254
found reads in /nfs/jbailey5/baileyweb/gtollefs/mips_to_nanopore_gt/240215_MtoN_P2/dorado_pipeline_output/mapping/bam_files/RW-17017-450450-ArtR23RW-1.sorted.bam
chr13	1724974	1231
found reads in /nfs/jbailey5/baileyweb/gtollefs/mips_to_nanopore_gt/240215_MtoN_P2/dorado_pipeline_output/mapping/bam_files/RW-17017-451451-ArtR23RW-1.sorted.bam
chr13	1724974	992
found reads in /nfs/jbailey5/baileyweb/gtollefs/mips_to_nanopore_gt/240215_MtoN_P2/dorado_pipeline_output/mapping/bam_files/RW-17017-455455-ArtR23RW-1.sorted.bam
chr13	1724974	857
found reads in /nfs/jbailey5/baileyweb/gtollefs/mips_to_nanopore_gt/240215_MtoN_P2/dorado_pipeline_output/mapping/bam_files/RW-17017-459459-ArtR23RW-1.sorted.bam
chr13	1724974	1391
found reads in /nfs/jbailey5/baileyweb/gtollefs/mips_to_nanopore_gt/240215_MtoN_P2/dorado_pipeline_output/mapping/bam_files/RW-17017-466466-ArtR23RW-1.sorted.bam
chr13	1724974	986
found reads in /nfs/jbailey5/baileyweb/gtollefs/mips_to_nanopore_gt/240215_MtoN_P2/dorado_pipeline_output/mapping/bam_files/RW-17017-469469-ArtR23RW-1.sorted.bam
chr13	1724974	990
found reads in /nfs/jbailey5/baileyweb/gtollefs/mips_to_nanopore_gt/240215_MtoN_P2/dorado_pipeline_output/mapping/bam_files/RW-17017-481481-ArtR23RW-1.sorted.bam
chr13	1724974	628
found reads in /nfs/jbailey5/baileyweb/gtollefs/mips_to_nanopore_gt/240215_MtoN_P2/dorado_pipeline_output/mapping/bam_files/RW-17017-484484-ArtR23RW-1.sorted.bam
chr13	1724974	491
found reads in /nfs/jbailey5/baileyweb/gtollefs/mips_to_nanopore_gt/240215_MtoN_P2/dorado_pipeline_output/mapping/bam_files/RW-17017-489489-ArtR23RW-1.sorted.bam
chr13	1724974	872
found reads in /nfs/jbailey5/baileyweb/gtollefs/mips_to_nanopore_gt/240215_MtoN_P2/dorado_pipeline_output/mapping/bam_files/RW-17017-492492-ArtR23RW-1.sorted.bam
chr13	1724974	665
found reads in /nfs/jbailey5/baileyweb/gtollefs/mips_to_nanopore_gt/240215_MtoN_P2/dorado_pipeline_output/mapping/bam_files/RW-17017-496496-ArtR23RW-1.sorted.bam
chr13	1724974	723
found reads in /nfs/jbailey5/baileyweb/gtollefs/mips_to_nanopore_gt/240215_MtoN_P2/dorado_pipeline_output/mapping/bam_files/RW-17017-502502-ArtR23RW-1.sorted.bam
chr13	1724974	1270
found reads in /nfs/jbailey5/baileyweb/gtollefs/mips_to_nanopore_gt/240215_MtoN_P2/dorado_pipeline_output/mapping/bam_files/RW-17017-509509-ArtR23RW-1.sorted.bam
chr13	1724974	751
found reads in /nfs/jbailey5/baileyweb/gtollefs/mips_to_nanopore_gt/240215_MtoN_P2/dorado_pipeline_output/mapping/bam_files/RW-17017-510510-ArtR23RW-1.sorted.bam
chr13	1724974	1064
found reads in /nfs/jbailey5/baileyweb/gtollefs/mips_to_nanopore_gt/240215_MtoN_P2/dorado_pipeline_output/mapping/bam_files/RW-17017-511511-ArtR23RW-1.sorted.bam
chr13	1724974	732
found reads in /nfs/jbailey5/baileyweb/gtollefs/mips_to_nanopore_gt/240215_MtoN_P2/dorado_pipeline_output/mapping/bam_files/RW-17017-516516-ArtR23RW-1.sorted.bam
chr13	1724974	1069
found reads in /nfs/jbailey5/baileyweb/gtollefs/mips_to_nanopore_gt/240215_MtoN_P2/dorado_pipeline_output/mapping/bam_files/RW-17017-563563-ArtR23RW-1.sorted.bam
chr13	1724974	196
found reads in /nfs/jbailey5/baileyweb/gtollefs/mips_to_nanopore_gt/240215_MtoN_P2/dorado_pipeline_output/mapping/bam_files/RW-17017-582582-ArtR23RW-1.sorted.bam
chr13	1724974	373
found reads in /nfs/jbailey5/baileyweb/gtollefs/mips_to_nanopore_gt/240215_MtoN_P2/dorado_pipeline_output/mapping/bam_files/RW-17017-590590-ArtR23RW-1.sorted.bam
chr13	1724974	536
found reads in /nfs/jbailey5/baileyweb/gtollefs/mips_to_nanopore_gt/240215_MtoN_P2/dorado_pipeline_output/mapping/bam_files/RW-17017-599599-ArtR23RW-1.sorted.bam
chr13	1724974	1164
found reads in /nfs/jbailey5/baileyweb/gtollefs/mips_to_nanopore_gt/240215_MtoN_P2/dorado_pipeline_output/mapping/bam_files/RW-21021-090090-ArtR23RW-1.sorted.bam
chr13	1724974	1430
found reads in /nfs/jbailey5/baileyweb/gtollefs/mips_to_nanopore_gt/240215_MtoN_P2/dorado_pipeline_output/mapping/bam_files/RW-21021-109109-ArtR23RW-1.sorted.bam
chr13	1724974	601
found reads in /nfs/jbailey5/baileyweb/gtollefs/mips_to_nanopore_gt/240215_MtoN_P2/dorado_pipeline_output/mapping/bam_files/RW-24024-042042-ArtR23RW-1.sorted.bam
chr13	1724974	1280
found reads in /nfs/jbailey5/baileyweb/gtollefs/mips_to_nanopore_gt/240215_MtoN_P2/dorado_pipeline_output/mapping/bam_files/RW-26026-012012-ArtR23RW-1.sorted.bam
chr13	1724974	1220
found reads in /nfs/jbailey5/baileyweb/gtollefs/mips_to_nanopore_gt/240215_MtoN_P2/dorado_pipeline_output/mapping/bam_files/RW-26026-039039-ArtR23RW-1.sorted.bam
chr13	1724974	1338
found reads in /nfs/jbailey5/baileyweb/gtollefs/mips_to_nanopore_gt/240215_MtoN_P2/dorado_pipeline_output/mapping/bam_files/RW-26026-078078-ArtR23RW-1.sorted.bam
chr13	1724974	1270
found reads in /nfs/jbailey5/baileyweb/gtollefs/mips_to_nanopore_gt/240215_MtoN_P2/dorado_pipeline_output/mapping/bam_files/RW013013-168168-ArtR22RW-1.sorted.bam
chr13	1724974	1348
found reads in /nfs/jbailey5/baileyweb/gtollefs/mips_to_nanopore_gt/240215_MtoN_P2/dorado_pipeline_output/mapping/bam_files/RW013013-189189-ArtR23RW-1.sorted.bam
chr13	1724974	1160
found reads in /nfs/jbailey5/baileyweb/gtollefs/mips_to_nanopore_gt/240215_MtoN_P2/dorado_pipeline_output/mapping/bam_files/RW013013-191191-ArtR23RW-1.sorted.bam
chr13	1724974	973
found reads in /nfs/jbailey5/baileyweb/gtollefs/mips_to_nanopore_gt/240215_MtoN_P2/dorado_pipeline_output/mapping/bam_files/RW013013-215215-ArtR23RW-1.sorted.bam
chr13	1724974	1402
found reads in /nfs/jbailey5/baileyweb/gtollefs/mips_to_nanopore_gt/240215_MtoN_P2/dorado_pipeline_output/mapping/bam_files/RW013013-221221-ArtR23RW-1.sorted.bam
chr13	1724974	677
found reads in /nfs/jbailey5/baileyweb/gtollefs/mips_to_nanopore_gt/240215_MtoN_P2/dorado_pipeline_output/mapping/bam_files/RW013013-247247-ArtR23RW-1.sorted.bam
chr13	1724974	969
found reads in /nfs/jbailey5/baileyweb/gtollefs/mips_to_nanopore_gt/240215_MtoN_P2/dorado_pipeline_output/mapping/bam_files/RW013013-260260-ArtR23RW-1.sorted.bam
chr13	1724974	1533
found reads in /nfs/jbailey5/baileyweb/gtollefs/mips_to_nanopore_gt/240215_MtoN_P2/dorado_pipeline_output/mapping/bam_files/RW013013-262262-ArtR23RW-1.sorted.bam
chr13	1724974	1146
found reads in /nfs/jbailey5/baileyweb/gtollefs/mips_to_nanopore_gt/240215_MtoN_P2/dorado_pipeline_output/mapping/bam_files/RW013013-263263-ArtR23RW-1.sorted.bam
chr13	1724974	1331
found reads in /nfs/jbailey5/baileyweb/gtollefs/mips_to_nanopore_gt/240215_MtoN_P2/dorado_pipeline_output/mapping/bam_files/RW014014-112112-ArtR22RW-1.sorted.bam
chr13	1724974	692
found reads in /nfs/jbailey5/baileyweb/gtollefs/mips_to_nanopore_gt/240215_MtoN_P2/dorado_pipeline_output/mapping/bam_files/RW015015-009009-ArtR22RW-1.sorted.bam
chr13	1724974	1101
found reads in /nfs/jbailey5/baileyweb/gtollefs/mips_to_nanopore_gt/240215_MtoN_P2/dorado_pipeline_output/mapping/bam_files/RW015015-033033-ArtR22RW-1.sorted.bam
chr13	1724974	1302
found reads in /nfs/jbailey5/baileyweb/gtollefs/mips_to_nanopore_gt/240215_MtoN_P2/dorado_pipeline_output/mapping/bam_files/RW015015-037037-ArtR22RW-1.sorted.bam
chr13	1724974	3
found reads in /nfs/jbailey5/baileyweb/gtollefs/mips_to_nanopore_gt/240215_MtoN_P2/dorado_pipeline_output/mapping/bam_files/RW015015-043043-ArtR22RW-1.sorted.bam
chr13	1724974	1160
found reads in /nfs/jbailey5/baileyweb/gtollefs/mips_to_nanopore_gt/240215_MtoN_P2/dorado_pipeline_output/mapping/bam_files/RW015015-075075-ArtR22RW-1.sorted.bam
chr13	1724974	947
found reads in /nfs/jbailey5/baileyweb/gtollefs/mips_to_nanopore_gt/240215_MtoN_P2/dorado_pipeline_output/mapping/bam_files/RW016016-015015-ArtR22RW-1.sorted.bam
chr13	1724974	1019
found reads in /nfs/jbailey5/baileyweb/gtollefs/mips_to_nanopore_gt/240215_MtoN_P2/dorado_pipeline_output/mapping/bam_files/RW016016-054054-ArtR22RW-1.sorted.bam
chr13	1724974	827
found reads in /nfs/jbailey5/baileyweb/gtollefs/mips_to_nanopore_gt/240215_MtoN_P2/dorado_pipeline_output/mapping/bam_files/RW016016-067067-ArtR22RW-1.sorted.bam
chr13	1724974	863
found reads in /nfs/jbailey5/baileyweb/gtollefs/mips_to_nanopore_gt/240215_MtoN_P2/dorado_pipeline_output/mapping/bam_files/RW016016-068068-ArtR22RW-1.sorted.bam
chr13	1724974	1968
found reads in /nfs/jbailey5/baileyweb/gtollefs/mips_to_nanopore_gt/240215_MtoN_P2/dorado_pipeline_output/mapping/bam_files/RW13013-105105-ArtR22RW-1.sorted.bam
chr13	1724974	556
found reads in /nfs/jbailey5/baileyweb/gtollefs/mips_to_nanopore_gt/240215_MtoN_P2/dorado_pipeline_output/mapping/bam_files/RW17017-267267-ArtR22RW-1.sorted.bam
chr13	1724974	1688
found reads in /nfs/jbailey5/baileyweb/gtollefs/mips_to_nanopore_gt/240215_MtoN_P2/dorado_pipeline_output/mapping/bam_files/RW17017-270270-ArtR22RW-1.sorted.bam
chr13	1724974	408
found reads in /nfs/jbailey5/baileyweb/gtollefs/mips_to_nanopore_gt/240215_MtoN_P2/dorado_pipeline_output/mapping/bam_files/RW18018-050050-ArtR22RW-1.sorted.bam
chr13	1724974	482
found reads in /nfs/jbailey5/baileyweb/gtollefs/mips_to_nanopore_gt/240215_MtoN_P2/dorado_pipeline_output/mapping/bam_files/RW60606-096096-ArtR22RW-1.sorted.bam
chr13	1724974	950
found reads in /nfs/jbailey5/baileyweb/gtollefs/mips_to_nanopore_gt/240215_MtoN_P2/dorado_pipeline_output/mapping/bam_files/RW80808-292292-ArtR23RW-1.sorted.bam
chr13	1724974	573
found reads in /nfs/jbailey5/baileyweb/gtollefs/mips_to_nanopore_gt/240215_MtoN_P2/dorado_pipeline_output/mapping/bam_files/RW80808-306306-ArtR23RW-1.sorted.bam
chr13	1724974	637
found reads in /nfs/jbailey5/baileyweb/gtollefs/mips_to_nanopore_gt/240215_MtoN_P2/dorado_pipeline_output/mapping/bam_files/RW90909-16201620-ArtR23RW-1.sorted.bam
chr13	1724974	1144
found reads in /nfs/jbailey5/baileyweb/gtollefs/mips_to_nanopore_gt/240215_MtoN_P2/dorado_pipeline_output/mapping/bam_files/RW90909-17111711-ArtR23RW-1.sorted.bam
bam files with coverage on at least one snp in specified targets file have been logged in /nfs/jbailey5/baileyweb/gtollefs/mips_to_nanopore_gt/240215_MtoN_P2/dorado_pipeline_output/samples_for_targeted_calling/bam_with_coverage.txt
